2024-09-13 17:32:35,484 INFO  [org.jboss.modules] (main) JBoss Modules version 2.1.5.Final
2024-09-13 17:32:36,841 INFO  [org.jboss.msc] (main) JBoss MSC version 1.5.5.Final
2024-09-13 17:32:36,855 INFO  [org.jboss.threads] (main) JBoss Threads version 2.4.0.Final
2024-09-13 17:32:37,072 INFO  [org.jboss.as] (MSC service thread 1-2) WFLYSRV0049: WildFly 33.0.1.Final (WildFly Core 25.0.1.Final) starting
2024-09-13 17:32:37,075 DEBUG [org.jboss.as.config] (MSC service thread 1-2) Configured system properties:
	[Standalone] = 
	file.encoding = UTF-8
	file.separator = \
	java.awt.headless = true
	java.class.path = C:\Users\admin\Desktop\week2\Ex6\target\server\jboss-modules.jar
	java.class.version = 65.0
	java.home = C:\Program Files\Java\jdk-21
	java.io.tmpdir = C:\Users\admin\AppData\Local\Temp\
	java.library.path = C:\Program Files\Java\jdk-21\bin;C:\WINDOWS\Sun\Java\bin;C:\WINDOWS\system32;C:\WINDOWS;C:/Users/admin/.p2/pool/plugins/org.eclipse.justj.openjdk.hotspot.jre.full.win32.x86_64_22.0.1.v20240426-1149/jre/bin/server;C:/Users/admin/.p2/pool/plugins/org.eclipse.justj.openjdk.hotspot.jre.full.win32.x86_64_22.0.1.v20240426-1149/jre/bin;C:\Program Files\Common Files\Oracle\Java\javapath;C:\WINDOWS\system32;C:\WINDOWS;C:\WINDOWS\System32\Wbem;C:\WINDOWS\System32\WindowsPowerShell\v1.0\;C:\WINDOWS\System32\OpenSSH\;C:\Program Files\Git\cmd;C:\Program Files\nodejs\;C:\Program Files\Java\jdk-21\bin;C:\Program Files\apache-maven-3.8.8\bin;C:\Users\admin\AppData\Local\Microsoft\WindowsApps;C:\Users\admin\AppData\Local\Programs\Microsoft VS Code\bin;C:\Users\admin\AppData\Roaming\npm;C:\Program Files\JetBrains\IntelliJ IDEA 2024.2.0.1\bin;;C:\Program Files\apache-maven-3.8.8\bin;;C:\WINDOWS\system32;;.
	java.net.preferIPv4Stack = true
	java.runtime.name = Java(TM) SE Runtime Environment
	java.runtime.version = 21.0.3+7-LTS-152
	java.security.manager = allow
	java.specification.name = Java Platform API Specification
	java.specification.vendor = Oracle Corporation
	java.specification.version = 21
	java.util.logging.manager = org.jboss.logmanager.LogManager
	java.vendor = Oracle Corporation
	java.vendor.url = https://java.oracle.com/
	java.vendor.url.bug = https://bugreport.java.com/bugreport/
	java.version = 21.0.3
	java.version.date = 2024-04-16
	java.vm.compressedOopsMode = 32-bit
	java.vm.info = mixed mode, sharing
	java.vm.name = Java HotSpot(TM) 64-Bit Server VM
	java.vm.specification.name = Java Virtual Machine Specification
	java.vm.specification.vendor = Oracle Corporation
	java.vm.specification.version = 21
	java.vm.vendor = Oracle Corporation
	java.vm.version = 21.0.3+7-LTS-152
	javax.management.builder.initial = org.jboss.as.jmx.PluggableMBeanServerBuilder
	jboss.home.dir = C:\Users\admin\Desktop\week2\Ex6\target\server
	jboss.host.name = desktop-r2gj3rp
	jboss.modules.system.pkgs = org.jboss.byteman
	jboss.node.name = desktop-r2gj3rp
	jboss.qualified.host.name = desktop-r2gj3rp
	jboss.server.base.dir = C:\Users\admin\Desktop\week2\Ex6\target\server\standalone
	jboss.server.config.dir = C:\Users\admin\Desktop\week2\Ex6\target\server\standalone\configuration
	jboss.server.data.dir = C:\Users\admin\Desktop\week2\Ex6\target\server\standalone\data
	jboss.server.log.dir = C:\Users\admin\Desktop\week2\Ex6\target\server\standalone\log
	jboss.server.name = desktop-r2gj3rp
	jboss.server.persist.config = true
	jboss.server.temp.dir = C:\Users\admin\Desktop\week2\Ex6\target\server\standalone\tmp
	jdk.debug = release
	line.separator = 

	logging.configuration = file:C:\Users\admin\Desktop\week2\Ex6\target\server\standalone\configuration\logging.properties
	module.path = C:\Users\admin\Desktop\week2\Ex6\target\server\modules
	native.encoding = Cp1252
	org.jboss.boot.log.file = C:\Users\admin\Desktop\week2\Ex6\target\server\standalone\log\server.log
	org.jboss.resolver.warning = true
	os.arch = amd64
	os.name = Windows 11
	os.version = 10.0
	path.separator = ;
	stderr.encoding = Cp1252
	stdout.encoding = Cp1252
	sun.arch.data.model = 64
	sun.boot.library.path = C:\Program Files\Java\jdk-21\bin
	sun.cpu.endian = little
	sun.cpu.isalist = amd64
	sun.io.unicode.encoding = UnicodeLittle
	sun.java.command = C:\Users\admin\Desktop\week2\Ex6\target\server\jboss-modules.jar -mp C:\Users\admin\Desktop\week2\Ex6\target\server\modules org.jboss.as.standalone
	sun.java.launcher = SUN_STANDARD
	sun.jnu.encoding = Cp1252
	sun.management.compiler = HotSpot 64-Bit Tiered Compilers
	sun.os.patch.level = 
	user.country = US
	user.dir = C:\Users\admin\Desktop\week2\Ex6
	user.home = C:\Users\admin
	user.language = en
	user.name = admin
	user.script = 
	user.timezone = Asia/Saigon
	user.variant = 
2024-09-13 17:32:37,077 DEBUG [org.jboss.as.config] (MSC service thread 1-2) VM Arguments: -D[Standalone] -Xms64m -Xmx512m -Djava.net.preferIPv4Stack=true -Djava.awt.headless=true -Djboss.modules.system.pkgs=org.jboss.byteman --add-exports=java.base/sun.nio.ch=ALL-UNNAMED --add-exports=jdk.unsupported/sun.reflect=ALL-UNNAMED --add-exports=jdk.unsupported/sun.misc=ALL-UNNAMED --add-modules=java.se --add-exports=java.desktop/sun.awt=ALL-UNNAMED --add-exports=java.naming/com.sun.jndi.ldap=ALL-UNNAMED --add-exports=java.naming/com.sun.jndi.url.ldap=ALL-UNNAMED --add-exports=java.naming/com.sun.jndi.url.ldaps=ALL-UNNAMED --add-exports=jdk.naming.dns/com.sun.jndi.dns=ALL-UNNAMED --add-opens=java.base/java.lang=ALL-UNNAMED --add-opens=java.base/java.lang.invoke=ALL-UNNAMED --add-opens=java.base/java.lang.reflect=ALL-UNNAMED --add-opens=java.base/java.io=ALL-UNNAMED --add-opens=java.base/java.net=ALL-UNNAMED --add-opens=java.base/java.security=ALL-UNNAMED --add-opens=java.base/java.util=ALL-UNNAMED --add-opens=java.base/java.util.concurrent=ALL-UNNAMED --add-opens=java.management/javax.management=ALL-UNNAMED --add-opens=java.naming/javax.naming=ALL-UNNAMED --add-modules=java.se -Djava.security.manager=allow -Djboss.home.dir=C:\Users\admin\Desktop\week2\Ex6\target\server -Djboss.server.base.dir=C:\Users\admin\Desktop\week2\Ex6\target\server\standalone -Djboss.server.log.dir=C:\Users\admin\Desktop\week2\Ex6\target\server\standalone\log -Djboss.server.config.dir=C:\Users\admin\Desktop\week2\Ex6\target\server\standalone\configuration -Dorg.jboss.boot.log.file=C:\Users\admin\Desktop\week2\Ex6\target\server\standalone\log\server.log -Dlogging.configuration=file:C:\Users\admin\Desktop\week2\Ex6\target\server\standalone\configuration\logging.properties 
2024-09-13 17:32:39,185 INFO  [org.wildfly.security] (Controller Boot Thread) ELY00001: WildFly Elytron version 2.5.1.Final
2024-09-13 17:32:40,922 INFO  [org.jboss.as.server] (Controller Boot Thread) WFLYSRV0039: Creating http management service using socket-binding (management-http)
2024-09-13 17:32:41,016 INFO  [org.xnio] (MSC service thread 1-1) XNIO version 3.8.16.Final
2024-09-13 17:32:41,050 INFO  [org.xnio.nio] (MSC service thread 1-1) XNIO NIO Implementation Version 3.8.16.Final
2024-09-13 17:32:41,175 WARN  [org.jboss.as.txn] (ServerService Thread Pool -- 74) WFLYTX0013: The node-identifier attribute on the /subsystem=transactions is set to the default value. This is a danger for environments running multiple servers. Please make sure the attribute value is unique.
2024-09-13 17:32:41,214 INFO  [org.wildfly.extension.health] (ServerService Thread Pool -- 54) WFLYHEALTH0001: Activating Base Health Subsystem
2024-09-13 17:32:41,291 INFO  [org.wildfly.extension.microprofile.jwt.smallrye] (ServerService Thread Pool -- 66) WFLYJWT0001: Activating MicroProfile JWT Subsystem
2024-09-13 17:32:41,309 INFO  [org.wildfly.extension.microprofile.config.smallrye] (ServerService Thread Pool -- 65) WFLYCONF0001: Activating MicroProfile Config Subsystem
2024-09-13 17:32:41,321 INFO  [org.jboss.as.jaxrs] (ServerService Thread Pool -- 57) WFLYRS0016: RESTEasy version 6.2.10.Final
2024-09-13 17:32:41,326 INFO  [org.wildfly.extension.elytron.oidc._private] (ServerService Thread Pool -- 53) WFLYOIDC0001: Activating WildFly Elytron OIDC Subsystem
2024-09-13 17:32:41,332 INFO  [org.jboss.as.clustering.infinispan] (ServerService Thread Pool -- 55) WFLYCLINF0001: Activating Infinispan subsystem.
2024-09-13 17:32:41,421 INFO  [org.jboss.as.jsf] (ServerService Thread Pool -- 62) WFLYJSF0007: Activated the following Jakarta Server Faces Implementations: [main]
2024-09-13 17:32:41,451 INFO  [org.wildfly.extension.metrics] (ServerService Thread Pool -- 64) WFLYMETRICS0001: Activating Base Metrics Subsystem
2024-09-13 17:32:41,598 INFO  [org.jboss.as.naming] (ServerService Thread Pool -- 67) WFLYNAM0001: Activating Naming Subsystem
2024-09-13 17:32:41,637 INFO  [org.jboss.as.webservices] (ServerService Thread Pool -- 76) WFLYWS0002: Activating WebServices Extension
2024-09-13 17:32:41,716 INFO  [org.jboss.as.connector] (MSC service thread 1-6) WFLYJCA0009: Starting Jakarta Connectors Subsystem (WildFly/IronJacamar 3.0.9.Final)
2024-09-13 17:32:41,727 INFO  [org.wildfly.extension.io] (ServerService Thread Pool -- 56) WFLYIO001: Worker 'default' has auto-configured to 16 IO threads with 128 max task threads based on your 8 available processors
2024-09-13 17:32:42,205 INFO  [org.jboss.as.connector.subsystems.datasources] (ServerService Thread Pool -- 44) WFLYJCA0004: Deploying JDBC-compliant driver class org.h2.Driver (version 2.2)
2024-09-13 17:32:42,221 INFO  [org.wildfly.extension.undertow] (MSC service thread 1-6) WFLYUT0003: Undertow 2.3.15.Final starting
2024-09-13 17:32:42,441 INFO  [org.jboss.remoting] (MSC service thread 1-1) JBoss Remoting version 5.0.29.Final
2024-09-13 17:32:42,612 INFO  [org.jboss.as.connector.deployers.jdbc] (MSC service thread 1-7) WFLYJCA0018: Started Driver service with driver-name = h2
2024-09-13 17:32:42,618 INFO  [org.jboss.as.naming] (MSC service thread 1-2) WFLYNAM0003: Starting Naming Service
2024-09-13 17:32:42,617 WARN  [org.wildfly.extension.elytron] (MSC service thread 1-3) WFLYELY00023: KeyStore file 'C:\Users\admin\Desktop\week2\Ex6\target\server\standalone\configuration\application.keystore' does not exist. Used blank.
2024-09-13 17:32:42,662 INFO  [org.jboss.as.mail.extension] (MSC service thread 1-8) WFLYMAIL0001: Bound mail session [java:jboss/mail/Default]
2024-09-13 17:32:42,868 WARN  [org.wildfly.extension.elytron] (MSC service thread 1-7) WFLYELY01084: KeyStore C:\Users\admin\Desktop\week2\Ex6\target\server\standalone\configuration\application.keystore not found, it will be auto-generated on first use with a self-signed certificate for host localhost
2024-09-13 17:32:43,011 INFO  [org.wildfly.extension.undertow] (ServerService Thread Pool -- 75) WFLYUT0014: Creating file handler for path 'C:\Users\admin\Desktop\week2\Ex6\target\server/welcome-content' with options [directory-listing: 'false', follow-symlink: 'false', case-sensitive: 'true', safe-symlink-paths: '[]']
2024-09-13 17:32:43,419 INFO  [org.jboss.as.ejb3] (MSC service thread 1-3) WFLYEJB0481: Strict pool slsb-strict-max-pool is using a max instance size of 128 (per class), which is derived from thread worker pool sizing.
2024-09-13 17:32:43,419 INFO  [org.jboss.as.ejb3] (MSC service thread 1-4) WFLYEJB0482: Strict pool mdb-strict-max-pool is using a max instance size of 32 (per class), which is derived from the number of CPUs on this host.
2024-09-13 17:32:43,433 INFO  [org.wildfly.extension.undertow] (MSC service thread 1-5) WFLYUT0012: Started server default-server.
2024-09-13 17:32:43,455 INFO  [org.wildfly.extension.undertow] (MSC service thread 1-5) Queuing requests.
2024-09-13 17:32:43,487 INFO  [org.wildfly.extension.undertow] (MSC service thread 1-5) WFLYUT0018: Host default-host starting
2024-09-13 17:32:44,098 INFO  [org.wildfly.extension.undertow] (MSC service thread 1-3) WFLYUT0006: Undertow HTTP listener default listening on 127.0.0.1:8080
2024-09-13 17:32:44,700 INFO  [org.wildfly.extension.undertow] (MSC service thread 1-1) WFLYUT0006: Undertow HTTPS listener https listening on 127.0.0.1:8443
2024-09-13 17:32:44,939 INFO  [org.jboss.as.server.deployment.scanner] (MSC service thread 1-5) WFLYDS0013: Started FileSystemDeploymentService for directory C:\Users\admin\Desktop\week2\Ex6\target\server\standalone\deployments
2024-09-13 17:32:45,576 INFO  [org.jboss.as.ejb3] (MSC service thread 1-2) WFLYEJB0493: Jakarta Enterprise Beans subsystem suspension complete
2024-09-13 17:32:45,970 INFO  [org.jboss.as.connector.subsystems.datasources] (MSC service thread 1-5) WFLYJCA0001: Bound data source [java:jboss/datasources/ExampleDS]
2024-09-13 17:32:46,081 INFO  [org.jboss.ws.common.management] (MSC service thread 1-4) JBWS022052: Starting JBossWS 7.1.0.Final (Apache CXF 4.0.5) 
2024-09-13 17:32:47,386 INFO  [org.jboss.as.server] (Controller Boot Thread) WFLYSRV0212: Resuming server
2024-09-13 17:32:47,413 INFO  [org.jboss.as] (Controller Boot Thread) WFLYSRV0060: Http management interface listening on http://127.0.0.1:9990/management
2024-09-13 17:32:47,413 INFO  [org.jboss.as] (Controller Boot Thread) WFLYSRV0051: Admin console listening on http://127.0.0.1:9990
2024-09-13 17:32:47,416 INFO  [org.jboss.as] (Controller Boot Thread) WFLYSRV0025: WildFly 33.0.1.Final (WildFly Core 25.0.1.Final) started in 12744ms - Started 281 of 524 services (320 services are lazy, passive or on-demand) - Server configuration file in use: standalone.xml - Minimum feature stability level: community
2024-09-13 17:32:48,451 INFO  [org.jboss.as.repository] (management-handler-thread - 1) WFLYDR0001: Content added at location C:\Users\admin\Desktop\week2\Ex6\target\server\standalone\data\content\62\1d6249bcee876193794fb2d5d56782b43c7b8d\content
2024-09-13 17:32:48,526 INFO  [org.jboss.as.server.deployment] (MSC service thread 1-5) WFLYSRV0027: Starting deployment of "rest-api.war" (runtime-name: "rest-api.war")
2024-09-13 17:32:55,037 INFO  [org.jboss.as.connector.deployers.jdbc] (MSC service thread 1-2) WFLYJCA0004: Deploying JDBC-compliant driver class org.mariadb.jdbc.Driver (version 3.4)
2024-09-13 17:32:55,049 WARN  [org.jboss.weld.deployer] (MSC service thread 1-2) WFLYWELD0013: Deployment rest-api.war contains Jakarta Contexts and Dependency Injection annotations but no bean archive was found (no beans.xml or class with bean defining annotations was present).
2024-09-13 17:32:55,181 INFO  [org.jboss.as.connector.deployers.jdbc] (MSC service thread 1-6) WFLYJCA0018: Started Driver service with driver-name = rest-api.war_org.mariadb.jdbc.Driver_3_4
2024-09-13 17:32:55,493 INFO  [org.wildfly.extension.undertow] (ServerService Thread Pool -- 12) WFLYUT0021: Registered web context: '/rest-api' for server 'default-server'
2024-09-13 17:32:55,657 INFO  [org.jboss.as.server] (management-handler-thread - 1) WFLYSRV0010: Deployed "rest-api.war" (runtime-name : "rest-api.war")
2024-09-13 17:40:19,316 INFO  [org.hibernate.validator.internal.util.Version] (default task-1) HV000001: Hibernate Validator 8.0.1.Final
